<?xml version="1.0" encoding="UTF-8"?>
<!-- Generated by org.testng.reporters.JUnitXMLReporter -->
<testsuite hostname="Jack-Chirkovs-MacBook-Pro.local" name="Default test" tests="2" failures="0" timestamp="25 Aug 2015 16:01:38 GMT" time="0.023" errors="0">
  <testcase name="@BeforeSuite setUpDriver" time="0.0" classname="com.setngo.auth.registrationTest">
    <failure type="org.testng.TestNGException" message="
Parameter &amp;apos;browser&amp;apos; is required by @Configuration on method setUpDriver but has not been marked @Optional or defined
in /private/var/folders/bl/cq5730gj21z54q64ttcrjdqw0000gp/T/testng-eclipse-825825921/testng-customsuite.xml">
      <![CDATA[org.testng.TestNGException: 
Parameter 'browser' is required by @Configuration on method setUpDriver but has not been marked @Optional or defined
in /private/var/folders/bl/cq5730gj21z54q64ttcrjdqw0000gp/T/testng-eclipse-825825921/testng-customsuite.xml
	at org.testng.internal.Parameters.createParameters(Parameters.java:155)
	at org.testng.internal.Parameters.createParameters(Parameters.java:358)
	at org.testng.internal.Parameters.createConfigurationParameters(Parameters.java:86)
	at org.testng.internal.Invoker.invokeConfigurations(Invoker.java:199)
	at org.testng.internal.Invoker.invokeConfigurations(Invoker.java:138)
	at org.testng.SuiteRunner.privateRun(SuiteRunner.java:277)
	at org.testng.SuiteRunner.run(SuiteRunner.java:240)
	at org.testng.SuiteRunnerWorker.runSuite(SuiteRunnerWorker.java:52)
	at org.testng.SuiteRunnerWorker.run(SuiteRunnerWorker.java:86)
	at org.testng.TestNG.runSuitesSequentially(TestNG.java:1224)
	at org.testng.TestNG.runSuitesLocally(TestNG.java:1149)
	at org.testng.TestNG.run(TestNG.java:1057)
	at org.testng.remote.RemoteTestNG.run(RemoteTestNG.java:111)
	at org.testng.remote.RemoteTestNG.initAndRun(RemoteTestNG.java:204)
	at org.testng.remote.RemoteTestNG.main(RemoteTestNG.java:175)
]]>
    </failure>
  </testcase> <!-- @BeforeSuite setUpDriver -->
  <testcase name="@BeforeClass setUp" time="0.0" classname="com.setngo.auth.registrationTest">
    <skipped/>
  </testcase> <!-- @BeforeClass setUp -->
  <testcase name="@BeforeClass setUp" time="0.0" classname="com.setngo.auth.loginTest">
    <skipped/>
  </testcase> <!-- @BeforeClass setUp -->
  <testcase name="registrationHappyPathTest" time="0.004" classname="com.setngo.auth.registrationTest">
    <skipped/>
  </testcase> <!-- registrationHappyPathTest -->
  <testcase name="loginHappyPathTest" time="0.0" classname="com.setngo.auth.loginTest">
    <skipped/>
  </testcase> <!-- loginHappyPathTest -->
</testsuite> <!-- Default test -->
